<?xml version="1.0" encoding="UTF-8"?>
<!-- Generated by org.testng.reporters.JUnitReportReporter -->
<testsuite hostname="Hariharan" failures="0" tests="1" name="com.crm.contacttest.TC06_CreateConatactWithphoneno" time="30.524" errors="0" timestamp="2023-09-04T18:06:47 IST" skipped="0">
  <testcase classname="com.crm.contacttest.TC06_CreateConatactWithphoneno" name="createContactwithPhone" time="30.524"/>
  <system-out/>
</testsuite> <!-- com.crm.contacttest.TC06_CreateConatactWithphoneno -->
