<?xml version="1.0" encoding="UTF-8"?>
<!-- Generated by org.testng.reporters.JUnitReportReporter -->
<testsuite hostname="Harry" failures="0" tests="1" name="demo.DemoTest" time="24.797" errors="0" timestamp="2023-08-29T18:14:27 IST" skipped="0">
  <testcase classname="demo.DemoTest" name="demotest1" time="24.797"/>
  <system-out/>
</testsuite> <!-- demo.DemoTest -->
