<?xml version="1.0" encoding="UTF-8"?>
<!-- Generated by org.testng.reporters.JUnitReportReporter -->
<testsuite hostname="Hariharan" failures="0" tests="1" name="com.crm.orgtest.TC03_CreateOrganizationUsingPhonenumberTest" time="48.920" errors="0" timestamp="2023-09-04T17:41:46 IST" skipped="0">
  <testcase classname="com.crm.orgtest.TC03_CreateOrganizationUsingPhonenumberTest" name="createOrgUsingPhonno" time="48.920"/>
  <system-out/>
</testsuite> <!-- com.crm.orgtest.TC03_CreateOrganizationUsingPhonenumberTest -->
