<?xml version="1.0" encoding="UTF-8"?>
<!-- Generated by org.testng.reporters.JUnitReportReporter -->
<testsuite hostname="Harry" failures="0" tests="1" name="com.crm.orgtest.TC01_CreateOrganisationTest" time="22.464" errors="0" timestamp="2023-08-29T16:18:08 IST" skipped="0">
  <testcase classname="com.crm.orgtest.TC01_CreateOrganisationTest" name="createorganisation" time="22.464"/>
  <system-out/>
</testsuite> <!-- com.crm.orgtest.TC01_CreateOrganisationTest -->
