<?xml version="1.0" encoding="UTF-8"?>
<!-- Generated by org.testng.reporters.JUnitReportReporter -->
<testsuite hostname="Harry" failures="0" tests="1" name="com.crm.contacttest.TC06_CreateConatactWithphoneno" time="46.654" errors="0" timestamp="2023-08-30T17:54:55 IST" skipped="0">
  <testcase classname="com.crm.contacttest.TC06_CreateConatactWithphoneno" name="createContactwithPhone" time="46.654"/>
  <system-out/>
</testsuite> <!-- com.crm.contacttest.TC06_CreateConatactWithphoneno -->
