<?xml version="1.0" encoding="UTF-8"?>
<!-- Generated by org.testng.reporters.JUnitReportReporter -->
<testsuite hostname="Harry" failures="0" tests="1" name="com.crm.orgtest.TC02_CreateOrganizationwithIndustryTest" time="11.842" errors="0" timestamp="2023-09-01T18:07:51 IST" skipped="0">
  <testcase classname="com.crm.orgtest.TC02_CreateOrganizationwithIndustryTest" name="createOrgwithIndustry" time="11.842"/>
  <system-out/>
</testsuite> <!-- com.crm.orgtest.TC02_CreateOrganizationwithIndustryTest -->
