<?xml version="1.0" encoding="UTF-8"?>
<!-- Generated by org.testng.reporters.JUnitReportReporter -->
<testsuite hostname="Harry" failures="0" tests="1" name="com.crm.orgtest.TC02_CreateOrganizationwithIndustryTest" time="23.794" errors="0" timestamp="2023-08-29T16:18:08 IST" skipped="0">
  <testcase classname="com.crm.orgtest.TC02_CreateOrganizationwithIndustryTest" name="createOrgwithIndustry" time="23.794"/>
  <system-out/>
</testsuite> <!-- com.crm.orgtest.TC02_CreateOrganizationwithIndustryTest -->
