<?xml version="1.0" encoding="UTF-8"?>
<!-- Generated by org.testng.reporters.JUnitReportReporter -->
<testsuite hostname="Hariharan" failures="0" tests="1" name="com.crm.contacttest.TC04_CreateContact" time="13.510" errors="0" timestamp="2023-09-04T18:06:47 IST" skipped="0">
  <testcase classname="com.crm.contacttest.TC04_CreateContact" name="createContact" time="13.510"/>
  <system-out/>
</testsuite> <!-- com.crm.contacttest.TC04_CreateContact -->
