<?xml version="1.0" encoding="UTF-8"?>
<!-- Generated by org.testng.reporters.JUnitReportReporter -->
<testsuite hostname="Harry" failures="0" tests="1" name="com.crm.contacttest.TC05_CreateContactwithInformation" time="10.298" errors="0" timestamp="2023-08-29T16:18:08 IST" skipped="0">
  <testcase classname="com.crm.contacttest.TC05_CreateContactwithInformation" name="createContactwithInformation" time="10.298"/>
  <system-out/>
</testsuite> <!-- com.crm.contacttest.TC05_CreateContactwithInformation -->
