<?xml version="1.0" encoding="UTF-8"?>
<!-- Generated by org.testng.reporters.JUnitReportReporter -->
<testsuite hostname="Harry" failures="0" tests="1" name="com.crm.orgtest.TC01_CreateOrganisationTest" time="100.427" errors="0" timestamp="2023-09-02T21:44:51 IST" skipped="0">
  <testcase classname="com.crm.orgtest.TC01_CreateOrganisationTest" name="createorganisation" time="100.427"/>
  <system-out/>
</testsuite> <!-- com.crm.orgtest.TC01_CreateOrganisationTest -->
