<?xml version="1.0" encoding="UTF-8"?>
<!-- Generated by org.testng.reporters.JUnitReportReporter -->
<testsuite hostname="Hariharan" failures="0" tests="1" name="demo.DemoTest" time="0.051" errors="0" timestamp="2023-09-05T14:48:17 IST" skipped="0">
  <testcase classname="demo.DemoTest" name="demotest1" time="0.051"/>
  <system-out/>
</testsuite> <!-- demo.DemoTest -->
