<?xml version="1.0" encoding="UTF-8"?>
<!-- Generated by org.testng.reporters.JUnitReportReporter -->
<testsuite hostname="Harry" failures="0" tests="1" name="com.crm.orgtest.TC01_CreateOrganisation" time="29.455" errors="0" timestamp="2023-08-28T17:50:48 IST" skipped="0">
  <testcase classname="com.crm.orgtest.TC01_CreateOrganisation" name="createorganisation" time="29.455"/>
  <system-out/>
</testsuite> <!-- com.crm.orgtest.TC01_CreateOrganisation -->
