<?xml version="1.0" encoding="UTF-8"?>
<!-- Generated by org.testng.reporters.JUnitReportReporter -->
<testsuite hostname="Harry" failures="0" tests="1" name="com.crm.contacttest.TC04_CreateContact" time="8.762" errors="0" timestamp="2023-08-29T16:18:08 IST" skipped="0">
  <testcase classname="com.crm.contacttest.TC04_CreateContact" name="createContact" time="8.762"/>
  <system-out/>
</testsuite> <!-- com.crm.contacttest.TC04_CreateContact -->
