<?xml version="1.0" encoding="UTF-8"?>
<!-- Generated by org.testng.reporters.JUnitReportReporter -->
<testsuite hostname="Harry" failures="0" tests="1" name="com.crm.orgtest.TC03_CreateOrganizationUsingPhonenumber" time="22.846" errors="0" timestamp="2023-08-29T16:18:08 IST" skipped="0">
  <testcase classname="com.crm.orgtest.TC03_CreateOrganizationUsingPhonenumber" name="createOrgUsingPhonno" time="22.846"/>
  <system-out/>
</testsuite> <!-- com.crm.orgtest.TC03_CreateOrganizationUsingPhonenumber -->
